<?xml version="1.0" encoding="UTF-8"?>
<testng-results skipped="0" failed="0" total="1" passed="1">
  <reporter-output>
  </reporter-output>
  <suite name="HybridFramework1" duration-ms="13975" started-at="2020-06-30T13:42:08Z" finished-at="2020-06-30T13:42:22Z">
    <groups>
    </groups>
    <test name="BankingApp Test" duration-ms="13975" started-at="2020-06-30T13:42:08Z" finished-at="2020-06-30T13:42:22Z">
      <class name="test.testcases.Tc_LoginTest_001">
        <test-method status="PASS" signature="setup(java.lang.String)[pri:0, instance:test.testcases.Tc_LoginTest_001@26be92ad]" name="setup" is-config="true" duration-ms="12775" started-at="2020-06-30T19:12:08Z" finished-at="2020-06-30T19:12:21Z">
          <params>
            <param index="0">
              <value>
                <![CDATA[chrome]]>
              </value>
            </param>
          </params>
          <reporter-output>
          </reporter-output>
        </test-method> <!-- setup -->
        <test-method status="PASS" signature="loginTest()[pri:0, instance:test.testcases.Tc_LoginTest_001@26be92ad]" name="loginTest" duration-ms="907" started-at="2020-06-30T19:12:21Z" finished-at="2020-06-30T19:12:22Z">
          <reporter-output>
          </reporter-output>
        </test-method> <!-- loginTest -->
        <test-method status="PASS" signature="teardown()[pri:0, instance:test.testcases.Tc_LoginTest_001@26be92ad]" name="teardown" is-config="true" duration-ms="262" started-at="2020-06-30T19:12:22Z" finished-at="2020-06-30T19:12:22Z">
          <reporter-output>
          </reporter-output>
        </test-method> <!-- teardown -->
      </class> <!-- test.testcases.Tc_LoginTest_001 -->
    </test> <!-- BankingApp Test -->
  </suite> <!-- HybridFramework1 -->
</testng-results>
